<?xml version="1.0" encoding="UTF-8"?>
<!-- Generated by org.testng.reporters.JUnitReportReporter -->
<testsuite skipped="0" hostname="sureshsir-PC" name="com.qedge.mytest" tests="1" failures="0" timestamp="12 Nov 2016 06:07:27 GMT" time="0.015" errors="0">
  <testcase name="test1" time="0.015" classname="com.qedge.mytest"/>
</testsuite> <!-- com.qedge.mytest -->
